# JRE version: 7.0_07-b11
# Java VM: Java HotSpot(TM) 64-Bit Server VM (23.3-b01 mixed mode windows-amd64 compressed oops)
Heap
 PSYoungGen      total 153792K, used 5322K [0x00000000f4000000, 0x00000000fdba0000, 0x0000000100000000)
  eden space 148416K, 2% used [0x00000000f4000000,0x00000000f4449bd8,0x00000000fd0f0000)
  from space 5376K, 17% used [0x00000000fd640000,0x00000000fd729010,0x00000000fdb80000)
  to   space 5440K, 0% used [0x00000000fd0f0000,0x00000000fd0f0000,0x00000000fd640000)
 ParOldGen       total 24576K, used 7164K [0x00000000dc000000, 0x00000000dd800000, 0x00000000f4000000)
  object space 24576K, 29% used [0x00000000dc000000,0x00000000dc6ff370,0x00000000dd800000)
 PSPermGen       total 21248K, used 12784K [0x00000000d6e00000, 0x00000000d82c0000, 0x00000000dc000000)
  object space 21248K, 60% used [0x00000000d6e00000,0x00000000d7a7c330,0x00000000d82c0000)
GC Heap History (10 events):
Event: 10.186 GC heap before
{Heap before GC invocations=4 (full 0):
 PSYoungGen      total 20032K, used 19679K [0x00000000f4000000, 0x00000000f6720000, 0x0000000100000000)
  eden space 18560K, 98% used [0x00000000f4000000,0x00000000f51caee8,0x00000000f5220000)
  from space 1472K, 99% used [0x00000000f5220000,0x00000000f538d020,0x00000000f5390000)
  to   space 1472K, 0% used [0x00000000f65b0000,0x00000000f65b0000,0x00000000f6720000)
 ParOldGen       total 24576K, used 6581K [0x00000000dc000000, 0x00000000dd800000, 0x00000000f4000000)
  object space 24576K, 26% used [0x00000000dc000000,0x00000000dc66d748,0x00000000dd800000)
 PSPermGen       total 21248K, used 12533K [0x00000000d6e00000, 0x00000000d82c0000, 0x00000000dc000000)
  object space 21248K, 58% used [0x00000000d6e00000,0x00000000d7a3d4e0,0x00000000d82c0000)
Event: 10.196 GC heap after
Heap after GC invocations=4 (full 0):
 PSYoungGen      total 38592K, used 1460K [0x00000000f4000000, 0x00000000f6720000, 0x0000000100000000)
  eden space 37120K, 0% used [0x00000000f4000000,0x00000000f4000000,0x00000000f6440000)
  from space 1472K, 99% used [0x00000000f65b0000,0x00000000f671d020,0x00000000f6720000)
  to   space 1472K, 0% used [0x00000000f6440000,0x00000000f6440000,0x00000000f65b0000)
 ParOldGen       total 24576K, used 6589K [0x00000000dc000000, 0x00000000dd800000, 0x00000000f4000000)
  object space 24576K, 26% used [0x00000000dc000000,0x00000000dc66f748,0x00000000dd800000)
 PSPermGen       total 21248K, used 12533K [0x00000000d6e00000, 0x00000000d82c0000, 0x00000000dc000000)
  object space 21248K, 58% used [0x00000000d6e00000,0x00000000d7a3d4e0,0x00000000d82c0000)
}
Event: 10.272 GC heap before
{Heap before GC invocations=5 (full 0):
 PSYoungGen      total 38592K, used 38022K [0x00000000f4000000, 0x00000000f6720000, 0x0000000100000000)
  eden space 37120K, 98% used [0x00000000f4000000,0x00000000f63b4b28,0x00000000f6440000)
  from space 1472K, 99% used [0x00000000f65b0000,0x00000000f671d020,0x00000000f6720000)
  to   space 1472K, 0% used [0x00000000f6440000,0x00000000f6440000,0x00000000f65b0000)
 ParOldGen       total 24576K, used 6589K [0x00000000dc000000, 0x00000000dd800000, 0x00000000f4000000)
  object space 24576K, 26% used [0x00000000dc000000,0x00000000dc66f748,0x00000000dd800000)
 PSPermGen       total 21248K, used 12533K [0x00000000d6e00000, 0x00000000d82c0000, 0x00000000dc000000)
  object space 21248K, 58% used [0x00000000d6e00000,0x00000000d7a3d4e0,0x00000000d82c0000)
Event: 10.344 GC heap after
Heap after GC invocations=5 (full 0):
 PSYoungGen      total 38592K, used 1460K [0x00000000f4000000, 0x00000000f9440000, 0x0000000100000000)
  eden space 37120K, 0% used [0x00000000f4000000,0x00000000f4000000,0x00000000f6440000)
  from space 1472K, 99% used [0x00000000f6440000,0x00000000f65ad020,0x00000000f65b0000)
  to   space 6016K, 0% used [0x00000000f8e60000,0x00000000f8e60000,0x00000000f9440000)
 ParOldGen       total 24576K, used 6605K [0x00000000dc000000, 0x00000000dd800000, 0x00000000f4000000)
  object space 24576K, 26% used [0x00000000dc000000,0x00000000dc673748,0x00000000dd800000)
 PSPermGen       total 21248K, used 12533K [0x00000000d6e00000, 0x00000000d82c0000, 0x00000000dc000000)
  object space 21248K, 58% used [0x00000000d6e00000,0x00000000d7a3d4e0,0x00000000d82c0000)
}
Event: 10.580 GC heap before
{Heap before GC invocations=6 (full 0):
 PSYoungGen      total 38592K, used 38013K [0x00000000f4000000, 0x00000000f9440000, 0x0000000100000000)
  eden space 37120K, 98% used [0x00000000f4000000,0x00000000f63b26e0,0x00000000f6440000)
  from space 1472K, 99% used [0x00000000f6440000,0x00000000f65ad020,0x00000000f65b0000)
  to   space 6016K, 0% used [0x00000000f8e60000,0x00000000f8e60000,0x00000000f9440000)
 ParOldGen       total 24576K, used 6605K [0x00000000dc000000, 0x00000000dd800000, 0x00000000f4000000)
  object space 24576K, 26% used [0x00000000dc000000,0x00000000dc673748,0x00000000dd800000)
 PSPermGen       total 21248K, used 12741K [0x00000000d6e00000, 0x00000000d82c0000, 0x00000000dc000000)
  object space 21248K, 59% used [0x00000000d6e00000,0x00000000d7a71518,0x00000000d82c0000)
Event: 10.591 GC heap after
Heap after GC invocations=6 (full 0):
 PSYoungGen      total 79744K, used 3308K [0x00000000f4000000, 0x00000000f93c0000, 0x0000000100000000)
  eden space 74240K, 0% used [0x00000000f4000000,0x00000000f4000000,0x00000000f8880000)
  from space 5504K, 60% used [0x00000000f8e60000,0x00000000f919b030,0x00000000f93c0000)
  to   space 5760K, 0% used [0x00000000f8880000,0x00000000f8880000,0x00000000f8e20000)
 ParOldGen       total 24576K, used 6605K [0x00000000dc000000, 0x00000000dd800000, 0x00000000f4000000)
  object space 24576K, 26% used [0x00000000dc000000,0x00000000dc673748,0x00000000dd800000)
 PSPermGen       total 21248K, used 12741K [0x00000000d6e00000, 0x00000000d82c0000, 0x00000000dc000000)
  object space 21248K, 59% used [0x00000000d6e00000,0x00000000d7a71518,0x00000000d82c0000)
}
Event: 10.854 GC heap before
{Heap before GC invocations=7 (full 0):
 PSYoungGen      total 79744K, used 76859K [0x00000000f4000000, 0x00000000f93c0000, 0x0000000100000000)
  eden space 74240K, 99% used [0x00000000f4000000,0x00000000f87d3c70,0x00000000f8880000)
  from space 5504K, 60% used [0x00000000f8e60000,0x00000000f919b030,0x00000000f93c0000)
  to   space 5760K, 0% used [0x00000000f8880000,0x00000000f8880000,0x00000000f8e20000)
 ParOldGen       total 24576K, used 6605K [0x00000000dc000000, 0x00000000dd800000, 0x00000000f4000000)
  object space 24576K, 26% used [0x00000000dc000000,0x00000000dc673748,0x00000000dd800000)
 PSPermGen       total 21248K, used 12742K [0x00000000d6e00000, 0x00000000d82c0000, 0x00000000dc000000)
  object space 21248K, 59% used [0x00000000d6e00000,0x00000000d7a71a08,0x00000000d82c0000)
Event: 10.862 GC heap after
Heap after GC invocations=7 (full 0):
 PSYoungGen      total 80000K, used 2828K [0x00000000f4000000, 0x00000000fdb80000, 0x0000000100000000)
  eden space 74240K, 0% used [0x00000000f4000000,0x00000000f4000000,0x00000000f8880000)
  from space 5760K, 49% used [0x00000000f8880000,0x00000000f8b43030,0x00000000f8e20000)
  to   space 5376K, 0% used [0x00000000fd640000,0x00000000fd640000,0x00000000fdb80000)
 ParOldGen       total 24576K, used 7108K [0x00000000dc000000, 0x00000000dd800000, 0x00000000f4000000)
  object space 24576K, 28% used [0x00000000dc000000,0x00000000dc6f1370,0x00000000dd800000)
 PSPermGen       total 21248K, used 12742K [0x00000000d6e00000, 0x00000000d82c0000, 0x00000000dc000000)
  object space 21248K, 59% used [0x00000000d6e00000,0x00000000d7a71a08,0x00000000d82c0000)
}
Event: 11.211 GC heap before
{Heap before GC invocations=8 (full 0):
 PSYoungGen      total 80000K, used 76597K [0x00000000f4000000, 0x00000000fdb80000, 0x0000000100000000)
  eden space 74240K, 99% used [0x00000000f4000000,0x00000000f880a4a0,0x00000000f8880000)
  from space 5760K, 49% used [0x00000000f8880000,0x00000000f8b43030,0x00000000f8e20000)
  to   space 5376K, 0% used [0x00000000fd640000,0x00000000fd640000,0x00000000fdb80000)
 ParOldGen       total 24576K, used 7108K [0x00000000dc000000, 0x00000000dd800000, 0x00000000f4000000)
  object space 24576K, 28% used [0x00000000dc000000,0x00000000dc6f1370,0x00000000dd800000)
 PSPermGen       total 21248K, used 12743K [0x00000000d6e00000, 0x00000000d82c0000, 0x00000000dc000000)
  object space 21248K, 59% used [0x00000000d6e00000,0x00000000d7a71d98,0x00000000d82c0000)
Event: 11.217 GC heap after
Heap after GC invocations=8 (full 0):
 PSYoungGen      total 153792K, used 932K [0x00000000f4000000, 0x00000000fdba0000, 0x0000000100000000)
  eden space 148416K, 0% used [0x00000000f4000000,0x00000000f4000000,0x00000000fd0f0000)
  from space 5376K, 17% used [0x00000000fd640000,0x00000000fd729010,0x00000000fdb80000)
  to   space 5440K, 0% used [0x00000000fd0f0000,0x00000000fd0f0000,0x00000000fd640000)
 ParOldGen       total 24576K, used 7164K [0x00000000dc000000, 0x00000000dd800000, 0x00000000f4000000)
  object space 24576K, 29% used [0x00000000dc000000,0x00000000dc6ff370,0x00000000dd800000)
 PSPermGen       total 21248K, used 12743K [0x00000000d6e00000, 0x00000000d82c0000, 0x00000000dc000000)
  object space 21248K, 59% used [0x00000000d6e00000,0x00000000d7a71d98,0x00000000d82c0000)
}

